app/build/outputs/logs/manifest-merger-debug-report.txt
-- Merging decision tree log ---
manifest
ADDED from src/main/AndroidManifest.xml:2:1-55:12
	package
		ADDED from src/main/AndroidManifest.xml:3:5-33
		INJECTED from src/main/AndroidManifest.xml
		INJECTED from src/main/AndroidManifest.xml
	android:versionName
		INJECTED from src/main/AndroidManifest.xml
		INJECTED from src/main/AndroidManifest.xml
	xmlns:android
		ADDED from src/main/AndroidManifest.xml:2:11-69
	android:versionCode
		INJECTED from src/main/AndroidManifest.xml
		INJECTED from src/main/AndroidManifest.xml
uses-permission#android.permission.INTERNET
ADDED from src/main/AndroidManifest.xml:5:5-67
MERGED from [br.com.bemobi:medescope:1.1.0] AndroidManifest.xml:11:5-67
MERGED from [com.github.halysongoncalves:pugnotification:1.8.1] AndroidManifest.xml:11:5-67
	android:name
		ADDED from src/main/AndroidManifest.xml:5:22-64
uses-permission#android.permission.WRITE_EXTERNAL_STORAGE
ADDED from src/main/AndroidManifest.xml:6:5-81
MERGED from [com.droidninja:filepicker:1.0.6] AndroidManifest.xml:11:5-81
MERGED from [br.com.bemobi:medescope:1.1.0] AndroidManifest.xml:14:5-81
	android:name
		ADDED from src/main/AndroidManifest.xml:6:22-78
uses-permission#android.permission.READ_EXTERNAL_STORAGE
ADDED from src/main/AndroidManifest.xml:7:5-80
MERGED from [com.droidninja:filepicker:1.0.6] AndroidManifest.xml:12:5-80
MERGED from [br.com.bemobi:medescope:1.1.0] AndroidManifest.xml:15:5-80
	android:name
		ADDED from src/main/AndroidManifest.xml:7:22-77
application
ADDED from src/main/AndroidManifest.xml:9:5-53:19
MERGED from [de.hdodenhof:circleimageview:2.1.0] AndroidManifest.xml:9:5-20
MERGED from [com.miguelcatalan:materialsearchview:1.4.0] AndroidManifest.xml:11:5-20
MERGED from [com.droidninja:filepicker:1.0.6] AndroidManifest.xml:14:5-23:19
MERGED from [com.android.support:design:25.1.0] AndroidManifest.xml:25:5-20
MERGED from [com.android.support:transition:25.1.0] AndroidManifest.xml:22:5-20
MERGED from [com.afollestad.material-dialogs:core:0.9.1.0] AndroidManifest.xml:13:5-20
MERGED from [com.android.support:support-v13:25.0.0] AndroidManifest.xml:25:5-20
MERGED from [br.com.bemobi:medescope:1.1.0] AndroidManifest.xml:17:5-33:19
MERGED from [com.android.support:appcompat-v7:25.1.0] AndroidManifest.xml:25:5-20
MERGED from [com.android.support:animated-vector-drawable:25.1.0] AndroidManifest.xml:22:5-20
MERGED from [com.android.support:support-vector-drawable:25.1.0] AndroidManifest.xml:23:5-20
MERGED from [com.android.support:support-v4:25.1.0] AndroidManifest.xml:25:5-20
MERGED from [com.android.support:support-fragment:25.1.0] AndroidManifest.xml:25:5-20
MERGED from [com.android.support:support-media-compat:25.1.0] AndroidManifest.xml:25:5-20
MERGED from [com.android.support:support-core-ui:25.1.0] AndroidManifest.xml:25:5-20
MERGED from [com.android.support:support-core-utils:25.1.0] AndroidManifest.xml:25:5-20
MERGED from [com.android.support:support-compat:25.1.0] AndroidManifest.xml:25:5-20
	android:screenOrientation
		ADDED from src/main/AndroidManifest.xml:14:9-45
	android:label
		ADDED from src/main/AndroidManifest.xml:13:9-41
	android:supportsRtl
		ADDED from src/main/AndroidManifest.xml:15:9-35
	android:allowBackup
		ADDED from src/main/AndroidManifest.xml:11:9-35
	android:icon
		ADDED from src/main/AndroidManifest.xml:12:9-43
	android:theme
		ADDED from src/main/AndroidManifest.xml:16:9-40
	android:name
		ADDED from src/main/AndroidManifest.xml:10:9-32
activity#ph.edu.tip.app.dms.activities.LoginActivity
ADDED from src/main/AndroidManifest.xml:17:9-26:20
	android:label
		ADDED from src/main/AndroidManifest.xml:19:13-45
	android:theme
		ADDED from src/main/AndroidManifest.xml:20:13-44
	android:name
		ADDED from src/main/AndroidManifest.xml:18:13-53
intent-filter#android.intent.action.MAIN+android.intent.category.LAUNCHER
ADDED from src/main/AndroidManifest.xml:21:13-25:29
action#android.intent.action.MAIN
ADDED from src/main/AndroidManifest.xml:22:17-69
	android:name
		ADDED from src/main/AndroidManifest.xml:22:25-66
category#android.intent.category.LAUNCHER
ADDED from src/main/AndroidManifest.xml:24:17-77
	android:name
		ADDED from src/main/AndroidManifest.xml:24:27-74
activity#ph.edu.tip.app.dms.activities.PickerActivity
ADDED from src/main/AndroidManifest.xml:27:9-63
	android:name
		ADDED from src/main/AndroidManifest.xml:27:19-60
activity#ph.edu.tip.app.dms.activities.DocumentsActivity
ADDED from src/main/AndroidManifest.xml:28:9-66
	android:name
		ADDED from src/main/AndroidManifest.xml:28:19-63
activity#ph.edu.tip.app.dms.activities.MainActivity
ADDED from src/main/AndroidManifest.xml:34:9-61
	android:name
		ADDED from src/main/AndroidManifest.xml:34:19-58
activity#ph.edu.tip.app.dms.activities.PhotoActivity
ADDED from src/main/AndroidManifest.xml:35:9-62
	android:name
		ADDED from src/main/AndroidManifest.xml:35:19-59
activity#ph.edu.tip.app.dms.activities.AddMoreFiles
ADDED from src/main/AndroidManifest.xml:36:9-61
	android:name
		ADDED from src/main/AndroidManifest.xml:36:19-58
activity#ph.edu.tip.app.dms.activities.AdvanceSearchActivity
ADDED from src/main/AndroidManifest.xml:37:9-70
	android:name
		ADDED from src/main/AndroidManifest.xml:37:19-67
activity#ph.edu.tip.app.dms.activities.DocumentUploadedFilesActivity
ADDED from src/main/AndroidManifest.xml:38:9-78
	android:name
		ADDED from src/main/AndroidManifest.xml:38:19-75
activity#ph.edu.tip.app.dms.activities.DocViewerActivity
ADDED from src/main/AndroidManifest.xml:39:9-66
	android:name
		ADDED from src/main/AndroidManifest.xml:39:19-63
receiver#ph.edu.tip.app.dms.receiver.DownloadReceiver
ADDED from src/main/AndroidManifest.xml:41:9-48:20
	android:exported
		ADDED from src/main/AndroidManifest.xml:43:13-36
	android:name
		ADDED from src/main/AndroidManifest.xml:42:13-54
intent-filter#br.com.bemobi.medescope.ACTION_BROADCAST_FINISH_WITH_ERROR+br.com.bemobi.medescope.ACTION_BROADCAST_FINISH_WITH_SUCCESS
ADDED from src/main/AndroidManifest.xml:44:13-47:29
action#br.com.bemobi.medescope.ACTION_BROADCAST_FINISH_WITH_SUCCESS
ADDED from src/main/AndroidManifest.xml:45:17-103
	android:name
		ADDED from src/main/AndroidManifest.xml:45:25-100
action#br.com.bemobi.medescope.ACTION_BROADCAST_FINISH_WITH_ERROR
ADDED from src/main/AndroidManifest.xml:46:17-101
	android:name
		ADDED from src/main/AndroidManifest.xml:46:25-98
activity#ph.edu.tip.app.dms.activities.SharedDocumentToMeActivity
ADDED from src/main/AndroidManifest.xml:50:9-75
	android:name
		ADDED from src/main/AndroidManifest.xml:50:19-72
activity#ph.edu.tip.app.dms.activities.SharedDocumentByMeActivity
ADDED from src/main/AndroidManifest.xml:51:9-75
	android:name
		ADDED from src/main/AndroidManifest.xml:51:19-72
activity#ph.edu.tip.app.dms.activities.SharedDocumentFilesActivity
ADDED from src/main/AndroidManifest.xml:52:9-76
	android:name
		ADDED from src/main/AndroidManifest.xml:52:19-73
uses-sdk
INJECTED from src/main/AndroidManifest.xml reason: use-sdk injection requested
MERGED from [io.realm:realm-android-library:2.1.1] AndroidManifest.xml:5:5-7:41
MERGED from [com.getkeepsafe.relinker:relinker:1.2.2] AndroidManifest.xml:7:5-43
MERGED from [de.hdodenhof:circleimageview:2.1.0] AndroidManifest.xml:5:5-7:41
MERGED from [io.realm:android-adapters:1.4.0] AndroidManifest.xml:6:5-8:41
MERGED from [com.miguelcatalan:materialsearchview:1.4.0] AndroidManifest.xml:7:5-9:41
MERGED from [com.droidninja:filepicker:1.0.6] AndroidManifest.xml:7:5-9:41
MERGED from [com.android.support:design:25.1.0] AndroidManifest.xml:21:5-23:62
MERGED from [com.android.support:transition:25.1.0] AndroidManifest.xml:20:5-44
MERGED from [com.facebook.fresco:fresco:0.12.0] AndroidManifest.xml:5:5-7:41
MERGED from [com.facebook.fresco:drawee:0.12.0] AndroidManifest.xml:5:5-7:41
MERGED from [com.facebook.fresco:imagepipeline:0.12.0] AndroidManifest.xml:5:5-7:41
MERGED from [com.facebook.fresco:imagepipeline-base:0.12.0] AndroidManifest.xml:5:5-7:41
MERGED from [com.facebook.fresco:fbcore:0.12.0] AndroidManifest.xml:5:5-7:41
MERGED from [com.github.hotchemi:permissionsdispatcher:2.1.3] AndroidManifest.xml:6:5-9:55
MERGED from [com.afollestad.material-dialogs:core:0.9.1.0] AndroidManifest.xml:8:5-11:75
MERGED from [com.android.support:support-v13:25.0.0] AndroidManifest.xml:21:5-23:55
MERGED from [com.android.support:recyclerview-v7:25.1.0] AndroidManifest.xml:20:5-43
MERGED from [me.zhanghai.android.materialprogressbar:library:1.3.0] AndroidManifest.xml:12:5-14:41
MERGED from [me.gujun.android.taggroup:library:1.4] AndroidManifest.xml:6:5-8:41
MERGED from [br.com.bemobi:medescope:1.1.0] AndroidManifest.xml:7:5-9:41
MERGED from [com.android.support:appcompat-v7:25.1.0] AndroidManifest.xml:21:5-23:78
MERGED from [com.android.support:animated-vector-drawable:25.1.0] AndroidManifest.xml:20:5-44
MERGED from [com.android.support:support-vector-drawable:25.1.0] AndroidManifest.xml:21:5-43
MERGED from [com.github.halysongoncalves:pugnotification:1.8.1] AndroidManifest.xml:7:5-9:41
MERGED from [com.android.databinding:adapters:1.3.1] AndroidManifest.xml:22:5-24:41
MERGED from [com.android.databinding:library:1.3.1] AndroidManifest.xml:22:5-24:41
MERGED from [com.android.support:support-v4:25.1.0] AndroidManifest.xml:21:5-23:54
MERGED from [com.android.support:support-fragment:25.1.0] AndroidManifest.xml:21:5-23:60
MERGED from [com.android.support:support-media-compat:25.1.0] AndroidManifest.xml:21:5-23:63
MERGED from [com.android.support:support-core-ui:25.1.0] AndroidManifest.xml:21:5-23:58
MERGED from [com.android.support:support-core-utils:25.1.0] AndroidManifest.xml:21:5-23:61
MERGED from [com.android.support:support-compat:25.1.0] AndroidManifest.xml:21:5-23:58
	tools:overrideLibrary
		ADDED from [com.android.support:design:25.1.0] AndroidManifest.xml:23:9-59
	android:targetSdkVersion
		INJECTED from src/main/AndroidManifest.xml
		INJECTED from src/main/AndroidManifest.xml
	android:minSdkVersion
		INJECTED from src/main/AndroidManifest.xml
		INJECTED from src/main/AndroidManifest.xml
activity#droidninja.filepicker.FilePickerActivity
ADDED from [com.droidninja:filepicker:1.0.6] AndroidManifest.xml:18:9-22:20
	android:screenOrientation
		ADDED from [com.droidninja:filepicker:1.0.6] AndroidManifest.xml:20:13-49
	android:theme
		ADDED from [com.droidninja:filepicker:1.0.6] AndroidManifest.xml:21:13-71
	android:name
		ADDED from [com.droidninja:filepicker:1.0.6] AndroidManifest.xml:19:13-68
uses-permission#android.permission.ACCESS_DOWNLOAD_MANAGER
ADDED from [br.com.bemobi:medescope:1.1.0] AndroidManifest.xml:12:5-82
	android:name
		ADDED from [br.com.bemobi:medescope:1.1.0] AndroidManifest.xml:12:22-79
uses-permission#android.permission.DOWNLOAD_WITHOUT_NOTIFICATION
ADDED from [br.com.bemobi:medescope:1.1.0] AndroidManifest.xml:13:5-88
	android:name
		ADDED from [br.com.bemobi:medescope:1.1.0] AndroidManifest.xml:13:22-85
service#br.com.bemobi.medescope.service.impl.DownloadCommandService
ADDED from [br.com.bemobi:medescope:1.1.0] AndroidManifest.xml:18:9-20:43
	android:process
		ADDED from [br.com.bemobi:medescope:1.1.0] AndroidManifest.xml:20:13-40
	android:name
		ADDED from [br.com.bemobi:medescope:1.1.0] AndroidManifest.xml:19:13-87
service#br.com.bemobi.medescope.service.impl.DMIntentService
ADDED from [br.com.bemobi:medescope:1.1.0] AndroidManifest.xml:21:9-23:43
	android:process
		ADDED from [br.com.bemobi:medescope:1.1.0] AndroidManifest.xml:23:13-40
	android:name
		ADDED from [br.com.bemobi:medescope:1.1.0] AndroidManifest.xml:22:13-80
receiver#br.com.bemobi.medescope.receiver.DMDownloaderReceiver
ADDED from [br.com.bemobi:medescope:1.1.0] AndroidManifest.xml:25:9-32:20
	android:exported
		ADDED from [br.com.bemobi:medescope:1.1.0] AndroidManifest.xml:27:13-36
	android:name
		ADDED from [br.com.bemobi:medescope:1.1.0] AndroidManifest.xml:26:13-81
intent-filter#android.intent.action.DOWNLOAD_COMPLETE+android.intent.action.DOWNLOAD_NOTIFICATION_CLICKED
ADDED from [br.com.bemobi:medescope:1.1.0] AndroidManifest.xml:28:13-31:29
action#android.intent.action.DOWNLOAD_COMPLETE
ADDED from [br.com.bemobi:medescope:1.1.0] AndroidManifest.xml:29:17-82
	android:name
		ADDED from [br.com.bemobi:medescope:1.1.0] AndroidManifest.xml:29:25-79
action#android.intent.action.DOWNLOAD_NOTIFICATION_CLICKED
ADDED from [br.com.bemobi:medescope:1.1.0] AndroidManifest.xml:30:17-94
	android:name
		ADDED from [br.com.bemobi:medescope:1.1.0] AndroidManifest.xml:30:25-91
uses-permission#android.permission.VIBRATE
ADDED from [com.github.halysongoncalves:pugnotification:1.8.1] AndroidManifest.xml:12:5-66
	android:name
		ADDED from [com.github.halysongoncalves:pugnotification:1.8.1] AndroidManifest.xml:12:22-63